<?xml version="1.0" encoding="UTF-8"?>
<!-- Generated by org.testng.reporters.JUnitReportReporter -->
<testsuite hostname="DESKTOP-9VS0ERC" failures="0" tests="1" name="com.inetbanking.testcases.TC_AddCustomerPage_003" time="10.057" errors="0" timestamp="2023-01-05T14:25:40 IST" skipped="0">
  <testcase classname="com.inetbanking.testcases.TC_AddCustomerPage_003" name="addNewCustomer" time="10.057"/>
  <system-out/>
</testsuite> <!-- com.inetbanking.testcases.TC_AddCustomerPage_003 -->
